<?xml version="1.0" encoding="UTF-8"?>
<coverage generated="1726695585">
  <project timestamp="1726695585">
    <file name="/var/www/api/app/Core/Domain/Entities/BaseEntity.php">
      <class name="App\Core\Domain\Entities\BaseEntity" namespace="global">
        <metrics complexity="4" methods="1" coveredmethods="0" conditionals="0" coveredconditionals="0" statements="11" coveredstatements="0" elements="12" coveredelements="0"/>
      </class>
      <line num="17" type="method" name="toArray" visibility="public" complexity="4" crap="20" count="0"/>
      <line num="19" type="stmt" count="0"/>
      <line num="20" type="stmt" count="0"/>
      <line num="22" type="stmt" count="0"/>
      <line num="23" type="stmt" count="0"/>
      <line num="24" type="stmt" count="0"/>
      <line num="28" type="stmt" count="0"/>
      <line num="30" type="stmt" count="0"/>
      <line num="31" type="stmt" count="0"/>
      <line num="32" type="stmt" count="0"/>
      <line num="35" type="stmt" count="0"/>
      <line num="38" type="stmt" count="0"/>
      <metrics loc="41" ncloc="34" classes="1" methods="1" coveredmethods="0" conditionals="0" coveredconditionals="0" statements="11" coveredstatements="0" elements="12" coveredelements="0"/>
    </file>
    <file name="/var/www/api/app/Core/Domain/Entities/Veiculo.php">
      <class name="App\Core\Domain\Entities\Veiculo" namespace="global">
        <metrics complexity="17" methods="17" coveredmethods="9" conditionals="0" coveredconditionals="0" statements="23" coveredstatements="15" elements="40" coveredelements="24"/>
      </class>
      <line num="53" type="method" name="__construct" visibility="public" complexity="1" crap="1" count="8"/>
      <line num="62" type="stmt" count="8"/>
      <line num="63" type="stmt" count="8"/>
      <line num="64" type="stmt" count="8"/>
      <line num="65" type="stmt" count="8"/>
      <line num="66" type="stmt" count="8"/>
      <line num="67" type="stmt" count="8"/>
      <line num="68" type="stmt" count="8"/>
      <line num="74" type="method" name="getMarca" visibility="public" complexity="1" crap="1" count="6"/>
      <line num="76" type="stmt" count="6"/>
      <line num="82" type="method" name="getModelo" visibility="public" complexity="1" crap="1" count="6"/>
      <line num="84" type="stmt" count="6"/>
      <line num="90" type="method" name="getAno" visibility="public" complexity="1" crap="1" count="6"/>
      <line num="92" type="stmt" count="6"/>
      <line num="98" type="method" name="getCor" visibility="public" complexity="1" crap="1" count="6"/>
      <line num="100" type="stmt" count="6"/>
      <line num="106" type="method" name="getPreco" visibility="public" complexity="1" crap="1" count="6"/>
      <line num="108" type="stmt" count="6"/>
      <line num="114" type="method" name="setMarca" visibility="public" complexity="1" crap="2" count="0"/>
      <line num="116" type="stmt" count="0"/>
      <line num="122" type="method" name="setModelo" visibility="public" complexity="1" crap="2" count="0"/>
      <line num="124" type="stmt" count="0"/>
      <line num="130" type="method" name="setAno" visibility="public" complexity="1" crap="2" count="0"/>
      <line num="132" type="stmt" count="0"/>
      <line num="138" type="method" name="setCor" visibility="public" complexity="1" crap="2" count="0"/>
      <line num="140" type="stmt" count="0"/>
      <line num="146" type="method" name="setPreco" visibility="public" complexity="1" crap="2" count="0"/>
      <line num="148" type="stmt" count="0"/>
      <line num="154" type="method" name="getPlaca" visibility="public" complexity="1" crap="1" count="4"/>
      <line num="156" type="stmt" count="4"/>
      <line num="159" type="method" name="isDisponivel" visibility="public" complexity="1" crap="1" count="2"/>
      <line num="161" type="stmt" count="2"/>
      <line num="167" type="method" name="setPlaca" visibility="public" complexity="1" crap="2" count="0"/>
      <line num="169" type="stmt" count="0"/>
      <line num="172" type="method" name="setDisponivel" visibility="public" complexity="1" crap="2" count="0"/>
      <line num="174" type="stmt" count="0"/>
      <line num="180" type="method" name="getId" visibility="public" complexity="1" crap="1" count="2"/>
      <line num="182" type="stmt" count="2"/>
      <line num="188" type="method" name="setId" visibility="public" complexity="1" crap="2" count="0"/>
      <line num="190" type="stmt" count="0"/>
      <metrics loc="193" ncloc="123" classes="1" methods="17" coveredmethods="9" conditionals="0" coveredconditionals="0" statements="23" coveredstatements="15" elements="40" coveredelements="24"/>
    </file>
    <file name="/var/www/api/app/Core/Domain/Repositories/VeiculoRepositoryInterface.php">
      <metrics loc="42" ncloc="21" classes="0" methods="0" coveredmethods="0" conditionals="0" coveredconditionals="0" statements="0" coveredstatements="0" elements="0" coveredelements="0"/>
    </file>
    <file name="/var/www/api/app/Core/Domain/UseCases/BaseUseCase.php">
      <class name="App\Core\Domain\UseCases\BaseUseCase" namespace="global">
        <metrics complexity="1" methods="1" coveredmethods="0" conditionals="0" coveredconditionals="0" statements="14" coveredstatements="0" elements="15" coveredelements="0"/>
      </class>
      <line num="21" type="method" name="toArray" visibility="public" complexity="1" crap="2" count="0"/>
      <line num="23" type="stmt" count="0"/>
      <line num="24" type="stmt" count="0"/>
      <line num="25" type="stmt" count="0"/>
      <line num="26" type="stmt" count="0"/>
      <line num="27" type="stmt" count="0"/>
      <line num="28" type="stmt" count="0"/>
      <line num="29" type="stmt" count="0"/>
      <line num="30" type="stmt" count="0"/>
      <line num="31" type="stmt" count="0"/>
      <line num="32" type="stmt" count="0"/>
      <line num="33" type="stmt" count="0"/>
      <line num="34" type="stmt" count="0"/>
      <line num="35" type="stmt" count="0"/>
      <line num="36" type="stmt" count="0"/>
      <metrics loc="39" ncloc="29" classes="1" methods="1" coveredmethods="0" conditionals="0" coveredconditionals="0" statements="14" coveredstatements="0" elements="15" coveredelements="0"/>
    </file>
    <file name="/var/www/api/app/Core/Domain/UseCases/BuscarTodosVeiculosDisponiveisUseCase.php">
      <class name="App\Core\Domain\UseCases\BuscarTodosVeiculosDisponiveisUseCase" namespace="global">
        <metrics complexity="2" methods="2" coveredmethods="0" conditionals="0" coveredconditionals="0" statements="3" coveredstatements="0" elements="5" coveredelements="0"/>
      </class>
      <line num="25" type="method" name="__construct" visibility="public" complexity="1" crap="2" count="0"/>
      <line num="27" type="stmt" count="0"/>
      <line num="35" type="method" name="executar" visibility="public" complexity="1" crap="2" count="0"/>
      <line num="37" type="stmt" count="0"/>
      <line num="38" type="stmt" count="0"/>
      <metrics loc="41" ncloc="26" classes="1" methods="2" coveredmethods="0" conditionals="0" coveredconditionals="0" statements="3" coveredstatements="0" elements="5" coveredelements="0"/>
    </file>
    <file name="/var/www/api/app/Core/Domain/UseCases/BuscarTodosVeiculosVendidosUseCase.php">
      <class name="App\Core\Domain\UseCases\BuscarTodosVeiculosVendidosUseCase" namespace="global">
        <metrics complexity="2" methods="2" coveredmethods="0" conditionals="0" coveredconditionals="0" statements="3" coveredstatements="0" elements="5" coveredelements="0"/>
      </class>
      <line num="23" type="method" name="__construct" visibility="public" complexity="1" crap="2" count="0"/>
      <line num="25" type="stmt" count="0"/>
      <line num="31" type="method" name="executar" visibility="public" complexity="1" crap="2" count="0"/>
      <line num="33" type="stmt" count="0"/>
      <line num="34" type="stmt" count="0"/>
      <metrics loc="37" ncloc="24" classes="1" methods="2" coveredmethods="0" conditionals="0" coveredconditionals="0" statements="3" coveredstatements="0" elements="5" coveredelements="0"/>
    </file>
    <file name="/var/www/api/app/Core/Domain/UseCases/BuscarVeiculoPorIdUseCase.php">
      <class name="App\Core\Domain\UseCases\BuscarVeiculoPorIdUseCase" namespace="global">
        <metrics complexity="2" methods="2" coveredmethods="0" conditionals="0" coveredconditionals="0" statements="2" coveredstatements="0" elements="4" coveredelements="0"/>
      </class>
      <line num="24" type="method" name="__construct" visibility="public" complexity="1" crap="2" count="0"/>
      <line num="26" type="stmt" count="0"/>
      <line num="33" type="method" name="executar" visibility="public" complexity="1" crap="2" count="0"/>
      <line num="35" type="stmt" count="0"/>
      <metrics loc="38" ncloc="24" classes="1" methods="2" coveredmethods="0" conditionals="0" coveredconditionals="0" statements="2" coveredstatements="0" elements="4" coveredelements="0"/>
    </file>
    <file name="/var/www/api/app/Core/Domain/UseCases/CadastrarVeiculoUseCase.php">
      <class name="App\Core\Domain\UseCases\CadastrarVeiculoUseCase" namespace="global">
        <metrics complexity="2" methods="2" coveredmethods="0" conditionals="0" coveredconditionals="0" statements="10" coveredstatements="0" elements="12" coveredelements="0"/>
      </class>
      <line num="28" type="method" name="__construct" visibility="public" complexity="1" crap="2" count="0"/>
      <line num="30" type="stmt" count="0"/>
      <line num="37" type="method" name="execute" visibility="public" complexity="1" crap="2" count="0"/>
      <line num="39" type="stmt" count="0"/>
      <line num="40" type="stmt" count="0"/>
      <line num="41" type="stmt" count="0"/>
      <line num="42" type="stmt" count="0"/>
      <line num="43" type="stmt" count="0"/>
      <line num="44" type="stmt" count="0"/>
      <line num="45" type="stmt" count="0"/>
      <line num="46" type="stmt" count="0"/>
      <line num="47" type="stmt" count="0"/>
      <metrics loc="50" ncloc="36" classes="1" methods="2" coveredmethods="0" conditionals="0" coveredconditionals="0" statements="10" coveredstatements="0" elements="12" coveredelements="0"/>
    </file>
    <file name="/var/www/api/app/Core/Domain/UseCases/UpdateVeiculoUseCase.php">
      <class name="App\Core\Domain\UseCases\UpdateVeiculoUseCase" namespace="global">
        <metrics complexity="3" methods="2" coveredmethods="0" conditionals="0" coveredconditionals="0" statements="13" coveredstatements="0" elements="15" coveredelements="0"/>
      </class>
      <line num="18" type="method" name="__construct" visibility="public" complexity="1" crap="2" count="0"/>
      <line num="20" type="stmt" count="0"/>
      <line num="23" type="method" name="executar" visibility="public" complexity="2" crap="6" count="0"/>
      <line num="25" type="stmt" count="0"/>
      <line num="27" type="stmt" count="0"/>
      <line num="28" type="stmt" count="0"/>
      <line num="31" type="stmt" count="0"/>
      <line num="32" type="stmt" count="0"/>
      <line num="33" type="stmt" count="0"/>
      <line num="34" type="stmt" count="0"/>
      <line num="35" type="stmt" count="0"/>
      <line num="36" type="stmt" count="0"/>
      <line num="37" type="stmt" count="0"/>
      <line num="38" type="stmt" count="0"/>
      <line num="40" type="stmt" count="0"/>
      <metrics loc="43" ncloc="43" classes="1" methods="2" coveredmethods="0" conditionals="0" coveredconditionals="0" statements="13" coveredstatements="0" elements="15" coveredelements="0"/>
    </file>
    <file name="/var/www/api/app/Core/Domain/ValueObjects/VeiculoCor.php">
      <class name="App\Core\Domain\ValueObjects\VeiculoCor" namespace="global">
        <metrics complexity="4" methods="3" coveredmethods="1" conditionals="0" coveredconditionals="0" statements="5" coveredstatements="3" elements="8" coveredelements="4"/>
      </class>
      <line num="14" type="method" name="__construct" visibility="public" complexity="2" crap="2.15" count="8"/>
      <line num="16" type="stmt" count="8"/>
      <line num="17" type="stmt" count="0"/>
      <line num="20" type="stmt" count="8"/>
      <line num="23" type="method" name="getValue" visibility="public" complexity="1" crap="1" count="6"/>
      <line num="25" type="stmt" count="6"/>
      <line num="28" type="method" name="__toString" visibility="public" complexity="1" crap="2" count="0"/>
      <line num="30" type="stmt" count="0"/>
      <metrics loc="33" ncloc="33" classes="1" methods="3" coveredmethods="1" conditionals="0" coveredconditionals="0" statements="5" coveredstatements="3" elements="8" coveredelements="4"/>
    </file>
    <file name="/var/www/api/app/Core/Domain/ValueObjects/VeiculoMarca.php">
      <class name="App\Core\Domain\ValueObjects\VeiculoMarca" namespace="global">
        <metrics complexity="4" methods="3" coveredmethods="1" conditionals="0" coveredconditionals="0" statements="5" coveredstatements="3" elements="8" coveredelements="4"/>
      </class>
      <line num="13" type="method" name="__construct" visibility="public" complexity="2" crap="2.15" count="8"/>
      <line num="15" type="stmt" count="8"/>
      <line num="16" type="stmt" count="0"/>
      <line num="19" type="stmt" count="8"/>
      <line num="22" type="method" name="getValue" visibility="public" complexity="1" crap="1" count="6"/>
      <line num="24" type="stmt" count="6"/>
      <line num="27" type="method" name="__toString" visibility="public" complexity="1" crap="2" count="0"/>
      <line num="29" type="stmt" count="0"/>
      <metrics loc="32" ncloc="32" classes="1" methods="3" coveredmethods="1" conditionals="0" coveredconditionals="0" statements="5" coveredstatements="3" elements="8" coveredelements="4"/>
    </file>
    <file name="/var/www/api/app/Core/Domain/ValueObjects/VeiculoModelo.php">
      <class name="App\Core\Domain\ValueObjects\VeiculoModelo" namespace="global">
        <metrics complexity="4" methods="3" coveredmethods="1" conditionals="0" coveredconditionals="0" statements="5" coveredstatements="3" elements="8" coveredelements="4"/>
      </class>
      <line num="13" type="method" name="__construct" visibility="public" complexity="2" crap="2.15" count="8"/>
      <line num="15" type="stmt" count="8"/>
      <line num="16" type="stmt" count="0"/>
      <line num="19" type="stmt" count="8"/>
      <line num="22" type="method" name="getValue" visibility="public" complexity="1" crap="1" count="6"/>
      <line num="24" type="stmt" count="6"/>
      <line num="27" type="method" name="__toString" visibility="public" complexity="1" crap="2" count="0"/>
      <line num="29" type="stmt" count="0"/>
      <metrics loc="32" ncloc="32" classes="1" methods="3" coveredmethods="1" conditionals="0" coveredconditionals="0" statements="5" coveredstatements="3" elements="8" coveredelements="4"/>
    </file>
    <file name="/var/www/api/app/Core/Domain/ValueObjects/VeiculoPreco.php">
      <class name="App\Core\Domain\ValueObjects\VeiculoPreco" namespace="global">
        <metrics complexity="4" methods="3" coveredmethods="1" conditionals="0" coveredconditionals="0" statements="5" coveredstatements="3" elements="8" coveredelements="4"/>
      </class>
      <line num="13" type="method" name="__construct" visibility="public" complexity="2" crap="2.15" count="8"/>
      <line num="15" type="stmt" count="8"/>
      <line num="16" type="stmt" count="0"/>
      <line num="19" type="stmt" count="8"/>
      <line num="22" type="method" name="getValue" visibility="public" complexity="1" crap="1" count="6"/>
      <line num="24" type="stmt" count="6"/>
      <line num="27" type="method" name="__toString" visibility="public" complexity="1" crap="2" count="0"/>
      <line num="29" type="stmt" count="0"/>
      <metrics loc="32" ncloc="32" classes="1" methods="3" coveredmethods="1" conditionals="0" coveredconditionals="0" statements="5" coveredstatements="3" elements="8" coveredelements="4"/>
    </file>
    <file name="/var/www/api/app/Http/Controllers/BuscarTodosVeiculosDisponiveisController.php">
      <class name="App\Http\Controllers\BuscarTodosVeiculosDisponiveisController" namespace="global">
        <metrics complexity="3" methods="2" coveredmethods="0" conditionals="0" coveredconditionals="0" statements="5" coveredstatements="0" elements="7" coveredelements="0"/>
      </class>
      <line num="56" type="method" name="__construct" visibility="public" complexity="1" crap="2" count="0"/>
      <line num="58" type="stmt" count="0"/>
      <line num="64" type="method" name="__invoke" visibility="public" complexity="2" crap="6" count="0"/>
      <line num="67" type="stmt" count="0"/>
      <line num="69" type="stmt" count="0"/>
      <line num="70" type="stmt" count="0"/>
      <line num="71" type="stmt" count="0"/>
      <metrics loc="75" ncloc="31" classes="1" methods="2" coveredmethods="0" conditionals="0" coveredconditionals="0" statements="5" coveredstatements="0" elements="7" coveredelements="0"/>
    </file>
    <file name="/var/www/api/app/Http/Controllers/BuscarTodosVeiculosVendidosController.php">
      <class name="App\Http\Controllers\BuscarTodosVeiculosVendidosController" namespace="global">
        <metrics complexity="3" methods="2" coveredmethods="0" conditionals="0" coveredconditionals="0" statements="5" coveredstatements="0" elements="7" coveredelements="0"/>
      </class>
      <line num="56" type="method" name="__construct" visibility="public" complexity="1" crap="2" count="0"/>
      <line num="58" type="stmt" count="0"/>
      <line num="64" type="method" name="__invoke" visibility="public" complexity="2" crap="6" count="0"/>
      <line num="67" type="stmt" count="0"/>
      <line num="69" type="stmt" count="0"/>
      <line num="70" type="stmt" count="0"/>
      <line num="71" type="stmt" count="0"/>
      <metrics loc="75" ncloc="31" classes="1" methods="2" coveredmethods="0" conditionals="0" coveredconditionals="0" statements="5" coveredstatements="0" elements="7" coveredelements="0"/>
    </file>
    <file name="/var/www/api/app/Http/Controllers/BuscarVeiculoPorIdController.php">
      <class name="App\Http\Controllers\BuscarVeiculoPorIdController" namespace="global">
        <metrics complexity="5" methods="2" coveredmethods="0" conditionals="0" coveredconditionals="0" statements="9" coveredstatements="0" elements="11" coveredelements="0"/>
      </class>
      <line num="66" type="method" name="__construct" visibility="public" complexity="1" crap="2" count="0"/>
      <line num="68" type="stmt" count="0"/>
      <line num="75" type="method" name="__invoke" visibility="public" complexity="4" crap="20" count="0"/>
      <line num="78" type="stmt" count="0"/>
      <line num="80" type="stmt" count="0"/>
      <line num="81" type="stmt" count="0"/>
      <line num="84" type="stmt" count="0"/>
      <line num="85" type="stmt" count="0"/>
      <line num="86" type="stmt" count="0"/>
      <line num="87" type="stmt" count="0"/>
      <line num="88" type="stmt" count="0"/>
      <metrics loc="92" ncloc="38" classes="1" methods="2" coveredmethods="0" conditionals="0" coveredconditionals="0" statements="9" coveredstatements="0" elements="11" coveredelements="0"/>
    </file>
    <file name="/var/www/api/app/Http/Controllers/CadastrarVeiculoController.php">
      <class name="App\Http\Controllers\CadastrarVeiculoController" namespace="global">
        <metrics complexity="3" methods="2" coveredmethods="0" conditionals="0" coveredconditionals="0" statements="21" coveredstatements="0" elements="23" coveredelements="0"/>
      </class>
      <line num="24" type="method" name="__construct" visibility="public" complexity="1" crap="2" count="0"/>
      <line num="27" type="stmt" count="0"/>
      <line num="69" type="method" name="__invoke" visibility="public" complexity="2" crap="6" count="0"/>
      <line num="72" type="stmt" count="0"/>
      <line num="73" type="stmt" count="0"/>
      <line num="74" type="stmt" count="0"/>
      <line num="75" type="stmt" count="0"/>
      <line num="76" type="stmt" count="0"/>
      <line num="77" type="stmt" count="0"/>
      <line num="78" type="stmt" count="0"/>
      <line num="79" type="stmt" count="0"/>
      <line num="80" type="stmt" count="0"/>
      <line num="81" type="stmt" count="0"/>
      <line num="83" type="stmt" count="0"/>
      <line num="85" type="stmt" count="0"/>
      <line num="86" type="stmt" count="0"/>
      <line num="87" type="stmt" count="0"/>
      <line num="88" type="stmt" count="0"/>
      <line num="89" type="stmt" count="0"/>
      <line num="90" type="stmt" count="0"/>
      <line num="91" type="stmt" count="0"/>
      <line num="92" type="stmt" count="0"/>
      <line num="93" type="stmt" count="0"/>
      <metrics loc="97" ncloc="47" classes="1" methods="2" coveredmethods="0" conditionals="0" coveredconditionals="0" statements="21" coveredstatements="0" elements="23" coveredelements="0"/>
    </file>
    <file name="/var/www/api/app/Http/Controllers/UpdateVeiculoController.php">
      <class name="App\Http\Controllers\UpdateVeiculoController" namespace="global">
        <metrics complexity="3" methods="2" coveredmethods="0" conditionals="0" coveredconditionals="0" statements="27" coveredstatements="0" elements="29" coveredelements="0"/>
      </class>
      <line num="87" type="method" name="__construct" visibility="public" complexity="1" crap="2" count="0"/>
      <line num="89" type="stmt" count="0"/>
      <line num="97" type="method" name="__invoke" visibility="public" complexity="2" crap="6" count="0"/>
      <line num="100" type="stmt" count="0"/>
      <line num="101" type="stmt" count="0"/>
      <line num="102" type="stmt" count="0"/>
      <line num="103" type="stmt" count="0"/>
      <line num="104" type="stmt" count="0"/>
      <line num="105" type="stmt" count="0"/>
      <line num="106" type="stmt" count="0"/>
      <line num="107" type="stmt" count="0"/>
      <line num="108" type="stmt" count="0"/>
      <line num="109" type="stmt" count="0"/>
      <line num="110" type="stmt" count="0"/>
      <line num="112" type="stmt" count="0"/>
      <line num="114" type="stmt" count="0"/>
      <line num="115" type="stmt" count="0"/>
      <line num="116" type="stmt" count="0"/>
      <line num="117" type="stmt" count="0"/>
      <line num="118" type="stmt" count="0"/>
      <line num="119" type="stmt" count="0"/>
      <line num="120" type="stmt" count="0"/>
      <line num="121" type="stmt" count="0"/>
      <line num="122" type="stmt" count="0"/>
      <line num="123" type="stmt" count="0"/>
      <line num="124" type="stmt" count="0"/>
      <line num="125" type="stmt" count="0"/>
      <line num="126" type="stmt" count="0"/>
      <line num="127" type="stmt" count="0"/>
      <metrics loc="131" ncloc="58" classes="1" methods="2" coveredmethods="0" conditionals="0" coveredconditionals="0" statements="27" coveredstatements="0" elements="29" coveredelements="0"/>
    </file>
    <file name="/var/www/api/app/Infrastructure/Persistence/VeiculoRepository.php">
      <class name="App\Infrastructure\Persistence\VeiculoRepository" namespace="global">
        <metrics complexity="6" methods="5" coveredmethods="5" conditionals="0" coveredconditionals="0" statements="69" coveredstatements="69" elements="74" coveredelements="74"/>
      </class>
      <line num="17" type="method" name="save" visibility="public" complexity="1" crap="1" count="2"/>
      <line num="19" type="stmt" count="2"/>
      <line num="20" type="stmt" count="2"/>
      <line num="21" type="stmt" count="2"/>
      <line num="22" type="stmt" count="2"/>
      <line num="23" type="stmt" count="2"/>
      <line num="24" type="stmt" count="2"/>
      <line num="25" type="stmt" count="2"/>
      <line num="26" type="stmt" count="2"/>
      <line num="27" type="stmt" count="2"/>
      <line num="28" type="stmt" count="2"/>
      <line num="31" type="method" name="update" visibility="public" complexity="1" crap="1" count="2"/>
      <line num="33" type="stmt" count="2"/>
      <line num="34" type="stmt" count="2"/>
      <line num="35" type="stmt" count="2"/>
      <line num="36" type="stmt" count="2"/>
      <line num="37" type="stmt" count="2"/>
      <line num="38" type="stmt" count="2"/>
      <line num="39" type="stmt" count="2"/>
      <line num="40" type="stmt" count="2"/>
      <line num="41" type="stmt" count="2"/>
      <line num="42" type="stmt" count="2"/>
      <line num="43" type="stmt" count="2"/>
      <line num="44" type="stmt" count="2"/>
      <line num="45" type="stmt" count="2"/>
      <line num="48" type="method" name="findById" visibility="public" complexity="2" crap="2" count="3"/>
      <line num="50" type="stmt" count="3"/>
      <line num="52" type="stmt" count="3"/>
      <line num="53" type="stmt" count="1"/>
      <line num="56" type="stmt" count="2"/>
      <line num="57" type="stmt" count="2"/>
      <line num="58" type="stmt" count="2"/>
      <line num="59" type="stmt" count="2"/>
      <line num="60" type="stmt" count="2"/>
      <line num="61" type="stmt" count="2"/>
      <line num="62" type="stmt" count="2"/>
      <line num="63" type="stmt" count="2"/>
      <line num="64" type="stmt" count="2"/>
      <line num="67" type="method" name="findAllAvailable" visibility="public" complexity="1" crap="1" count="1"/>
      <line num="69" type="stmt" count="1"/>
      <line num="70" type="stmt" count="1"/>
      <line num="71" type="stmt" count="1"/>
      <line num="72" type="stmt" count="1"/>
      <line num="74" type="stmt" count="1"/>
      <line num="75" type="stmt" count="1"/>
      <line num="76" type="stmt" count="1"/>
      <line num="77" type="stmt" count="1"/>
      <line num="78" type="stmt" count="1"/>
      <line num="79" type="stmt" count="1"/>
      <line num="80" type="stmt" count="1"/>
      <line num="81" type="stmt" count="1"/>
      <line num="82" type="stmt" count="1"/>
      <line num="83" type="stmt" count="1"/>
      <line num="84" type="stmt" count="1"/>
      <line num="85" type="stmt" count="1"/>
      <line num="86" type="stmt" count="1"/>
      <line num="89" type="method" name="findAllSold" visibility="public" complexity="1" crap="1" count="1"/>
      <line num="91" type="stmt" count="1"/>
      <line num="92" type="stmt" count="1"/>
      <line num="93" type="stmt" count="1"/>
      <line num="94" type="stmt" count="1"/>
      <line num="96" type="stmt" count="1"/>
      <line num="97" type="stmt" count="1"/>
      <line num="98" type="stmt" count="1"/>
      <line num="99" type="stmt" count="1"/>
      <line num="100" type="stmt" count="1"/>
      <line num="101" type="stmt" count="1"/>
      <line num="102" type="stmt" count="1"/>
      <line num="103" type="stmt" count="1"/>
      <line num="104" type="stmt" count="1"/>
      <line num="105" type="stmt" count="1"/>
      <line num="106" type="stmt" count="1"/>
      <line num="107" type="stmt" count="1"/>
      <line num="108" type="stmt" count="1"/>
      <metrics loc="111" ncloc="111" classes="1" methods="5" coveredmethods="5" conditionals="0" coveredconditionals="0" statements="69" coveredstatements="69" elements="74" coveredelements="74"/>
    </file>
    <file name="/var/www/api/app/Providers/VeiculoRepositoyProvider.php">
      <class name="App\Providers\VeiculoRepositoyProvider" namespace="global">
        <metrics complexity="1" methods="1" coveredmethods="1" conditionals="0" coveredconditionals="0" statements="4" coveredstatements="4" elements="5" coveredelements="5"/>
      </class>
      <line num="16" type="method" name="register" visibility="public" complexity="1" crap="1" count="9"/>
      <line num="18" type="stmt" count="9"/>
      <line num="19" type="stmt" count="9"/>
      <line num="20" type="stmt" count="9"/>
      <line num="21" type="stmt" count="9"/>
      <metrics loc="24" ncloc="19" classes="1" methods="1" coveredmethods="1" conditionals="0" coveredconditionals="0" statements="4" coveredstatements="4" elements="5" coveredelements="5"/>
    </file>
    <metrics files="20" loc="1258" ncloc="824" classes="19" methods="57" coveredmethods="19" conditionals="0" coveredconditionals="0" statements="239" coveredstatements="100" elements="296" coveredelements="119"/>
  </project>
</coverage>
